d:\bs(cs)\semester 3\oop\oop-project-22l-6847\oop project\x64\debug\vc143.pdb
d:\bs(cs)\semester 3\oop\oop-project-22l-6847\oop project\x64\debug\vc143.idb
d:\bs(cs)\semester 3\oop\oop-project-22l-6847\oop project\x64\debug\user.obj
d:\bs(cs)\semester 3\oop\oop-project-22l-6847\oop project\x64\debug\socialnetworkapp.obj
d:\bs(cs)\semester 3\oop\oop-project-22l-6847\oop project\x64\debug\post.obj
d:\bs(cs)\semester 3\oop\oop-project-22l-6847\oop project\x64\debug\page.obj
d:\bs(cs)\semester 3\oop\oop-project-22l-6847\oop project\x64\debug\memory.obj
d:\bs(cs)\semester 3\oop\oop-project-22l-6847\oop project\x64\debug\main.obj
d:\bs(cs)\semester 3\oop\oop-project-22l-6847\oop project\x64\debug\date.obj
d:\bs(cs)\semester 3\oop\oop-project-22l-6847\oop project\x64\debug\comments.obj
d:\bs(cs)\semester 3\oop\oop-project-22l-6847\oop project\x64\debug\acitivity.obj
d:\bs(cs)\semester 3\oop\oop-project-22l-6847\oop project\x64\debug\oop project.ilk
d:\bs(cs)\semester 3\oop\oop-project-22l-6847\x64\debug\oop project.exe
d:\bs(cs)\semester 3\oop\oop-project-22l-6847\x64\debug\oop project.pdb
d:\bs(cs)\semester 3\oop\oop-project-22l-6847\oop project\x64\debug\oop project.tlog\cl.command.1.tlog
d:\bs(cs)\semester 3\oop\oop-project-22l-6847\oop project\x64\debug\oop project.tlog\cl.items.tlog
d:\bs(cs)\semester 3\oop\oop-project-22l-6847\oop project\x64\debug\oop project.tlog\cl.read.1.tlog
d:\bs(cs)\semester 3\oop\oop-project-22l-6847\oop project\x64\debug\oop project.tlog\cl.write.1.tlog
d:\bs(cs)\semester 3\oop\oop-project-22l-6847\oop project\x64\debug\oop project.tlog\link.command.1.tlog
d:\bs(cs)\semester 3\oop\oop-project-22l-6847\oop project\x64\debug\oop project.tlog\link.read.1.tlog
d:\bs(cs)\semester 3\oop\oop-project-22l-6847\oop project\x64\debug\oop project.tlog\link.write.1.tlog
